<?xml version="1.0" encoding="UTF-8"?>
<!-- Generated by org.testng.reporters.JUnitReportReporter -->
<testsuite hostname="NavneetSingh" failures="0" tests="2" name="com.maantic.automation.tests.GBTActivityTest2" time="96.253" errors="0" timestamp="2024-08-23T15:54:39 IST" skipped="0">
  <testcase classname="com.maantic.automation.tests.GBTActivityTest2" name="getURL" time="4.332"/>
  <system-out/>
  <testcase classname="com.maantic.automation.tests.GBTActivityTest2" name="Activity" time="91.921"/>
  <system-out/>
</testsuite> <!-- com.maantic.automation.tests.GBTActivityTest2 -->
