<?xml version="1.0" encoding="UTF-8"?>
<!-- Generated by org.testng.reporters.JUnitReportReporter -->
<testsuite hostname="NavneetSingh" failures="0" tests="2" name="com.maantic.automation.tests.GBTDecisionTableTest2" time="107.070" errors="0" timestamp="2024-08-23T15:08:29 IST" skipped="0">
  <testcase classname="com.maantic.automation.tests.GBTDecisionTableTest2" name="getURL" time="4.865"/>
  <system-out/>
  <testcase classname="com.maantic.automation.tests.GBTDecisionTableTest2" name="Decision_Table" time="102.205"/>
  <system-out/>
</testsuite> <!-- com.maantic.automation.tests.GBTDecisionTableTest2 -->
